0 info it worked if it ends with ok
1 verbose cli [ 'C:\\Users\\tujunxiong\\Downloads\\node下载\\681\\node.exe',
1 verbose cli   'C:\\Users\\tujunxiong\\Downloads\\node下载\\681\\node_modules\\npm\\bin\\npm-cli.js',
1 verbose cli   'run',
1 verbose cli   'dev' ]
2 info using npm@3.10.8
3 info using node@v6.8.1
4 verbose run-script [ 'predev', 'dev', 'postdev' ]
5 info lifecycle @~predev: @
6 silly lifecycle @~predev: no script for predev, continuing
7 info lifecycle @~dev: @
8 verbose lifecycle @~dev: unsafe-perm in lifecycle true
9 verbose lifecycle @~dev: PATH: C:\Users\tujunxiong\Downloads\node下载\681\node_modules\npm\bin\node-gyp-bin;C:\Users\tujunxiong\Desktop\传智27期\14-VUE-第1天-{ vue常用指令及入门 }\4-源代码\code\12_vue_connect\node_modules\.bin;D:\Program Files\Git\cmd;c:\program files (x86)\graphicsmagick-1.3.23-q16;C:\Program Files\ImageMagick-7.0.3-Q16;C:\Windows\system32;C:\Windows;C:\Windows\System32\Wbem;C:\Windows\System32\WindowsPowerShell\v1.0\;C:\Program Files\MySQL\MySQL Server 5.5\bin;D:\dev\mysql\bin;D:\software\MongoDB\Server\3.2\bin;C:\Program Files (x86)\Windows Kits\8.1\Windows Performance Toolkit\;C:\Program Files (x86)\Java\jdk1.7.0_45\bin;D:\dev\MongoDB\Server\3.2\bin;C:\Users\tujunxiong\Desktop\;C:\Users\tujunxiong\Downloads\node下载\681\;C:\Program Files (x86)\VideoLAN\VLC;C:\Users\tujunxiong\AppData\Local\Microsoft\WindowsApps;C:\Users\tujunxiong\AppData\Local\atom\bin;C:\Users\tujunxiong\AppData\Roaming\npm;D:\tjx
10 verbose lifecycle @~dev: CWD: C:\Users\tujunxiong\Desktop\传智27期\14-VUE-第1天-{ vue常用指令及入门 }\4-源代码\code\12_vue_connect
11 silly lifecycle @~dev: Args: [ '/d /s /c',
11 silly lifecycle   '..\\node_modules\\.bin\\webpack-dev-server --inline --hot --open' ]
12 silly lifecycle @~dev: Returned: code: 3221225786  signal: null
13 info lifecycle @~dev: Failed to exec dev script
14 verbose stack Error: @ dev: `..\node_modules\.bin\webpack-dev-server --inline --hot --open`
14 verbose stack Exit status 3221225786
14 verbose stack     at EventEmitter.<anonymous> (C:\Users\tujunxiong\Downloads\node下载\681\node_modules\npm\lib\utils\lifecycle.js:255:16)
14 verbose stack     at emitTwo (events.js:106:13)
14 verbose stack     at EventEmitter.emit (events.js:191:7)
14 verbose stack     at ChildProcess.<anonymous> (C:\Users\tujunxiong\Downloads\node下载\681\node_modules\npm\lib\utils\spawn.js:40:14)
14 verbose stack     at emitTwo (events.js:106:13)
14 verbose stack     at ChildProcess.emit (events.js:191:7)
14 verbose stack     at maybeClose (internal/child_process.js:877:16)
14 verbose stack     at Process.ChildProcess._handle.onexit (internal/child_process.js:226:5)
15 verbose pkgid @
16 verbose cwd C:\Users\tujunxiong\Desktop\传智27期\14-VUE-第1天-{ vue常用指令及入门 }\4-源代码\code\12_vue_connect
17 error Windows_NT 10.0.14393
18 error argv "C:\\Users\\tujunxiong\\Downloads\\node下载\\681\\node.exe" "C:\\Users\\tujunxiong\\Downloads\\node下载\\681\\node_modules\\npm\\bin\\npm-cli.js" "run" "dev"
19 error node v6.8.1
20 error npm  v3.10.8
21 error code ELIFECYCLE
22 error @ dev: `..\node_modules\.bin\webpack-dev-server --inline --hot --open`
22 error Exit status 3221225786
23 error Failed at the @ dev script '..\node_modules\.bin\webpack-dev-server --inline --hot --open'.
23 error Make sure you have the latest version of node.js and npm installed.
23 error If you do, this is most likely a problem with the  package,
23 error not with npm itself.
23 error Tell the author that this fails on your system:
23 error     ..\node_modules\.bin\webpack-dev-server --inline --hot --open
23 error You can get information on how to open an issue for this project with:
23 error     npm bugs
23 error Or if that isn't available, you can get their info via:
23 error     npm owner ls
23 error There is likely additional logging output above.
24 verbose exit [ 1, true ]
