0 info it worked if it ends with ok
1 verbose cli [ 'C:\\Users\\tujunxiong\\Downloads\\node下载\\681\\node.exe',
1 verbose cli   'C:\\Users\\tujunxiong\\Downloads\\node下载\\681\\node_modules\\npm\\bin\\npm-cli.js',
1 verbose cli   'run',
1 verbose cli   'dev' ]
2 info using npm@3.10.8
3 info using node@v6.8.1
4 verbose run-script [ 'predev', 'dev', 'postdev' ]
5 info lifecycle @~predev: @
6 silly lifecycle @~predev: no script for predev, continuing
7 info lifecycle @~dev: @
8 verbose lifecycle @~dev: unsafe-perm in lifecycle true
9 verbose lifecycle @~dev: PATH: C:\Users\tujunxiong\Downloads\node下载\681\node_modules\npm\bin\node-gyp-bin;C:\Users\tujunxiong\Desktop\传智27期\16-VUE-第3天-{axios补充、计算属性、主页、新闻 }\4-源代码\code\04_watch\node_modules\.bin;D:\Program Files\Git\cmd;c:\program files (x86)\graphicsmagick-1.3.23-q16;C:\Program Files\ImageMagick-7.0.3-Q16;C:\Windows\system32;C:\Windows;C:\Windows\System32\Wbem;C:\Windows\System32\WindowsPowerShell\v1.0\;C:\Program Files\MySQL\MySQL Server 5.5\bin;D:\dev\mysql\bin;D:\software\MongoDB\Server\3.2\bin;C:\Program Files (x86)\Windows Kits\8.1\Windows Performance Toolkit\;C:\Program Files (x86)\Java\jdk1.7.0_45\bin;D:\dev\MongoDB\Server\3.2\bin;C:\Users\tujunxiong\Desktop\;C:\Users\tujunxiong\Downloads\node下载\681\;C:\Program Files (x86)\VideoLAN\VLC;C:\Users\tujunxiong\AppData\Local\Microsoft\WindowsApps;C:\Users\tujunxiong\AppData\Local\atom\bin;C:\Users\tujunxiong\AppData\Roaming\npm;D:\tjx
10 verbose lifecycle @~dev: CWD: C:\Users\tujunxiong\Desktop\传智27期\16-VUE-第3天-{axios补充、计算属性、主页、新闻 }\4-源代码\code\04_watch
11 silly lifecycle @~dev: Args: [ '/d /s /c',
11 silly lifecycle   '..\\node_modules\\.bin\\webpack-dev-server --inline --hot --open' ]
12 verbose stack Error: kill ENOSYS
12 verbose stack     at exports._errnoException (util.js:1026:11)
12 verbose stack     at process.kill (internal/process.js:172:13)
12 verbose stack     at process.listener (C:\Users\tujunxiong\Downloads\node下载\681\node_modules\npm\node_modules\npmlog\node_modules\gauge\node_modules\signal-exit\index.js:86:15)
12 verbose stack     at emitNone (events.js:91:20)
12 verbose stack     at process.emit (events.js:185:7)
12 verbose stack     at processEmit (C:\Users\tujunxiong\Downloads\node下载\681\node_modules\npm\node_modules\npmlog\node_modules\gauge\node_modules\signal-exit\index.js:146:32)
12 verbose stack     at processEmit (C:\Users\tujunxiong\Downloads\node下载\681\node_modules\npm\node_modules\npm-registry-client\node_modules\npmlog\node_modules\gauge\node_modules\signal-exit\index.js:146:32)
12 verbose stack     at Signal.wrap.onsignal (internal/process.js:199:44)
13 verbose cwd C:\Users\tujunxiong\Desktop\传智27期\16-VUE-第3天-{axios补充、计算属性、主页、新闻 }\4-源代码\code\04_watch
14 error Windows_NT 10.0.14393
15 error argv "C:\\Users\\tujunxiong\\Downloads\\node下载\\681\\node.exe" "C:\\Users\\tujunxiong\\Downloads\\node下载\\681\\node_modules\\npm\\bin\\npm-cli.js" "run" "dev"
16 error node v6.8.1
17 error npm  v3.10.8
18 error code ENOSYS
19 error errno ENOSYS
20 error syscall kill
21 error kill ENOSYS
22 error If you need help, you may report this error at:
22 error     <https://github.com/npm/npm/issues>
23 verbose exit [ 1, true ]
